# JRE version: OpenJDK Runtime Environment (21.0.2+13) (build 21.0.2+13-58)
# Java VM: OpenJDK 64-Bit Server VM (21.0.2+13-58, mixed mode, sharing, tiered, compressed oops, compressed class ptrs, g1 gc, windows-amd64)
GC Precious Log:
 CardTable entry size: 512
 Card Set container configuration: InlinePtr #cards 5 size 8 Array Of Cards #cards 12 size 40 Howl #buckets 4 coarsen threshold 1843 Howl Bitmap #cards 512 size 80 coarsen threshold 460 Card regions per heap region 1 cards per card region 2048
 CPUs: 8 total, 8 available
 Memory: 8054M
 Large Page Support: Disabled
 NUMA Support: Disabled
 Compressed Oops: Enabled (32-bit)
 Heap Region Size: 1M
 Heap Min Capacity: 256M
 Heap Initial Capacity: 256M
 Heap Max Capacity: 512M
 Pre-touch: Disabled
 Parallel Workers: 8
 Concurrent Workers: 2
 Concurrent Refinement Workers: 8
 Periodic GC: Disabled
Heap:
 garbage-first heap   total 262144K, used 48084K [0x00000000e0000000, 0x0000000100000000)
  region size 1024K, 20 young (20480K), 17 survivors (17408K)
 Metaspace       used 59472K, committed 61312K, reserved 393216K
  class space    used 8534K, committed 9472K, reserved 327680K
GC Heap History (17 events):
Event: 1.931 GC heap before
{Heap before GC invocations=0 (full 0):
 garbage-first heap   total 262144K, used 26624K [0x00000000e0000000, 0x0000000100000000)
  region size 1024K, 23 young (23552K), 0 survivors (0K)
 Metaspace       used 2457K, committed 2624K, reserved 393216K
  class space    used 279K, committed 384K, reserved 327680K
}
Event: 1.939 GC heap after
{Heap after GC invocations=1 (full 0):
 garbage-first heap   total 262144K, used 10699K [0x00000000e0000000, 0x0000000100000000)
  region size 1024K, 3 young (3072K), 3 survivors (3072K)
 Metaspace       used 2457K, committed 2624K, reserved 393216K
  class space    used 279K, committed 384K, reserved 327680K
}
Event: 3.406 GC heap before
{Heap before GC invocations=1 (full 0):
 garbage-first heap   total 262144K, used 38347K [0x00000000e0000000, 0x0000000100000000)
  region size 1024K, 31 young (31744K), 3 survivors (3072K)
 Metaspace       used 4165K, committed 4416K, reserved 393216K
  class space    used 516K, committed 640K, reserved 327680K
}
Event: 3.410 GC heap after
{Heap after GC invocations=2 (full 0):
 garbage-first heap   total 262144K, used 12182K [0x00000000e0000000, 0x0000000100000000)
  region size 1024K, 2 young (2048K), 2 survivors (2048K)
 Metaspace       used 4165K, committed 4416K, reserved 393216K
  class space    used 516K, committed 640K, reserved 327680K
}
Event: 18.317 GC heap before
{Heap before GC invocations=2 (full 0):
 garbage-first heap   total 262144K, used 128918K [0x00000000e0000000, 0x0000000100000000)
  region size 1024K, 114 young (116736K), 2 survivors (2048K)
 Metaspace       used 20830K, committed 21504K, reserved 393216K
  class space    used 3013K, committed 3328K, reserved 327680K
}
Event: 18.335 GC heap after
{Heap after GC invocations=3 (full 0):
 garbage-first heap   total 262144K, used 24528K [0x00000000e0000000, 0x0000000100000000)
  region size 1024K, 13 young (13312K), 13 survivors (13312K)
 Metaspace       used 20830K, committed 21504K, reserved 393216K
  class space    used 3013K, committed 3328K, reserved 327680K
}
Event: 18.401 GC heap before
{Heap before GC invocations=3 (full 0):
 garbage-first heap   total 262144K, used 25552K [0x00000000e0000000, 0x0000000100000000)
  region size 1024K, 15 young (15360K), 13 survivors (13312K)
 Metaspace       used 20850K, committed 21504K, reserved 393216K
  class space    used 3016K, committed 3328K, reserved 327680K
}
Event: 18.415 GC heap after
{Heap after GC invocations=4 (full 0):
 garbage-first heap   total 262144K, used 24770K [0x00000000e0000000, 0x0000000100000000)
  region size 1024K, 1 young (1024K), 1 survivors (1024K)
 Metaspace       used 20850K, committed 21504K, reserved 393216K
  class space    used 3016K, committed 3328K, reserved 327680K
}
Event: 26.120 GC heap before
{Heap before GC invocations=5 (full 0):
 garbage-first heap   total 262144K, used 112834K [0x00000000e0000000, 0x0000000100000000)
  region size 1024K, 89 young (91136K), 1 survivors (1024K)
 Metaspace       used 34791K, committed 35968K, reserved 393216K
  class space    used 5062K, committed 5632K, reserved 327680K
}
Event: 26.129 GC heap after
{Heap after GC invocations=6 (full 0):
 garbage-first heap   total 262144K, used 30179K [0x00000000e0000000, 0x0000000100000000)
  region size 1024K, 7 young (7168K), 7 survivors (7168K)
 Metaspace       used 34791K, committed 35968K, reserved 393216K
  class space    used 5062K, committed 5632K, reserved 327680K
}
Event: 26.177 GC heap before
{Heap before GC invocations=6 (full 0):
 garbage-first heap   total 262144K, used 31203K [0x00000000e0000000, 0x0000000100000000)
  region size 1024K, 10 young (10240K), 7 survivors (7168K)
 Metaspace       used 35135K, committed 36288K, reserved 393216K
  class space    used 5072K, committed 5632K, reserved 327680K
}
Event: 26.184 GC heap after
{Heap after GC invocations=7 (full 0):
 garbage-first heap   total 262144K, used 30466K [0x00000000e0000000, 0x0000000100000000)
  region size 1024K, 7 young (7168K), 7 survivors (7168K)
 Metaspace       used 35135K, committed 36288K, reserved 393216K
  class space    used 5072K, committed 5632K, reserved 327680K
}
Event: 26.225 GC heap before
{Heap before GC invocations=7 (full 0):
 garbage-first heap   total 262144K, used 30466K [0x00000000e0000000, 0x0000000100000000)
  region size 1024K, 8 young (8192K), 7 survivors (7168K)
 Metaspace       used 35316K, committed 36608K, reserved 393216K
  class space    used 5097K, committed 5760K, reserved 327680K
}
Event: 26.232 GC heap after
{Heap after GC invocations=8 (full 0):
 garbage-first heap   total 262144K, used 30118K [0x00000000e0000000, 0x0000000100000000)
  region size 1024K, 7 young (7168K), 7 survivors (7168K)
 Metaspace       used 35316K, committed 36608K, reserved 393216K
  class space    used 5097K, committed 5760K, reserved 327680K
}
Event: 45.338 GC heap before
{Heap before GC invocations=9 (full 0):
 garbage-first heap   total 262144K, used 185766K [0x00000000e0000000, 0x0000000100000000)
  region size 1024K, 153 young (156672K), 7 survivors (7168K)
 Metaspace       used 48911K, committed 50560K, reserved 393216K
  class space    used 7003K, committed 7808K, reserved 327680K
}
Event: 45.357 GC heap after
{Heap after GC invocations=10 (full 0):
 garbage-first heap   total 262144K, used 38643K [0x00000000e0000000, 0x0000000100000000)
  region size 1024K, 15 young (15360K), 15 survivors (15360K)
 Metaspace       used 48911K, committed 50560K, reserved 393216K
  class space    used 7003K, committed 7808K, reserved 327680K
}
Event: 51.284 GC heap before
{Heap before GC invocations=10 (full 0):
 garbage-first heap   total 262144K, used 158451K [0x00000000e0000000, 0x0000000100000000)
  region size 1024K, 133 young (136192K), 15 survivors (15360K)
 Metaspace       used 59314K, committed 61120K, reserved 393216K
  class space    used 8507K, committed 9408K, reserved 327680K
}

